#0 building with "default" instance using docker driver

#1 [kali internal] load build definition from Dockerfile
#1 transferring dockerfile: 276B done
#1 DONE 0.0s

#2 [kali internal] load metadata for docker.io/kalilinux/kali-rolling:latest
#2 DONE 0.0s

#3 [kali internal] load .dockerignore
#3 transferring context: 2B done
#3 DONE 0.0s

#4 [kali 1/2] FROM docker.io/kalilinux/kali-rolling:latest
#4 DONE 0.0s

#5 [kali 2/2] RUN apt-get update && apt-get install -y     nmap     gobuster     vim     ftp     && rm -rf /var/lib/apt/lists/*
#5 CACHED

#6 [kali] exporting to image
#6 exporting layers done
#6 writing image sha256:6277dfda4a0d902cda1a833b4580d966e716f2d8dc5d5fde36917e5c5ab5951a done
#6 naming to docker.io/library/challengecomposefiles-kali done
#6 DONE 0.0s
Attaching to kali, my-ftp-server
my-ftp-server  | Changing password for one
my-ftp-server  | New password: 
my-ftp-server  | Bad password: too short
my-ftp-server  | Retype password: 
